<?xml version="1.0" encoding="UTF-8"?>
<testsuite xmlns:xsi="http://www.w3.org/2001/XMLSchema-instance" xsi:noNamespaceSchemaLocation="https://maven.apache.org/surefire/maven-surefire-plugin/xsd/surefire-test-report.xsd" name="com.pile.test.JUtilTest" time="37.728" tests="1" errors="0" skipped="0" failures="0">
  <properties>
    <property name="sun.desktop" value="windows"/>
    <property name="awt.toolkit" value="sun.awt.windows.WToolkit"/>
    <property name="file.encoding.pkg" value="sun.io"/>
    <property name="java.specification.version" value="1.8"/>
    <property name="sun.cpu.isalist" value="amd64"/>
    <property name="sun.jnu.encoding" value="GBK"/>
    <property name="java.class.path" value="D:\develop\git\mygit\costservice\target\test-classes;D:\develop\git\mygit\costservice\target\classes;D:\develop\maven-repository\org\springframework\boot\spring-boot-starter-data-redis\2.0.3.RELEASE\spring-boot-starter-data-redis-2.0.3.RELEASE.jar;D:\develop\maven-repository\org\springframework\boot\spring-boot-starter\2.0.3.RELEASE\spring-boot-starter-2.0.3.RELEASE.jar;D:\develop\maven-repository\org\springframework\boot\spring-boot\2.0.3.RELEASE\spring-boot-2.0.3.RELEASE.jar;D:\develop\maven-repository\org\springframework\boot\spring-boot-autoconfigure\2.0.3.RELEASE\spring-boot-autoconfigure-2.0.3.RELEASE.jar;D:\develop\maven-repository\org\springframework\boot\spring-boot-starter-logging\2.0.3.RELEASE\spring-boot-starter-logging-2.0.3.RELEASE.jar;D:\develop\maven-repository\ch\qos\logback\logback-classic\1.2.3\logback-classic-1.2.3.jar;D:\develop\maven-repository\ch\qos\logback\logback-core\1.2.3\logback-core-1.2.3.jar;D:\develop\maven-repository\org\apache\logging\log4j\log4j-to-slf4j\2.10.0\log4j-to-slf4j-2.10.0.jar;D:\develop\maven-repository\org\apache\logging\log4j\log4j-api\2.10.0\log4j-api-2.10.0.jar;D:\develop\maven-repository\org\slf4j\jul-to-slf4j\1.7.25\jul-to-slf4j-1.7.25.jar;D:\develop\maven-repository\javax\annotation\javax.annotation-api\1.3.2\javax.annotation-api-1.3.2.jar;D:\develop\maven-repository\org\yaml\snakeyaml\1.19\snakeyaml-1.19.jar;D:\develop\maven-repository\org\springframework\data\spring-data-redis\2.0.8.RELEASE\spring-data-redis-2.0.8.RELEASE.jar;D:\develop\maven-repository\org\springframework\data\spring-data-keyvalue\2.0.8.RELEASE\spring-data-keyvalue-2.0.8.RELEASE.jar;D:\develop\maven-repository\org\springframework\data\spring-data-commons\2.0.8.RELEASE\spring-data-commons-2.0.8.RELEASE.jar;D:\develop\maven-repository\org\springframework\spring-tx\5.0.7.RELEASE\spring-tx-5.0.7.RELEASE.jar;D:\develop\maven-repository\org\springframework\spring-oxm\5.0.7.RELEASE\spring-oxm-5.0.7.RELEASE.jar;D:\develop\maven-repository\org\springframework\spring-aop\5.0.7.RELEASE\spring-aop-5.0.7.RELEASE.jar;D:\develop\maven-repository\io\lettuce\lettuce-core\5.0.4.RELEASE\lettuce-core-5.0.4.RELEASE.jar;D:\develop\maven-repository\io\projectreactor\reactor-core\3.1.8.RELEASE\reactor-core-3.1.8.RELEASE.jar;D:\develop\maven-repository\org\reactivestreams\reactive-streams\1.0.2\reactive-streams-1.0.2.jar;D:\develop\maven-repository\io\netty\netty-common\4.1.25.Final\netty-common-4.1.25.Final.jar;D:\develop\maven-repository\io\netty\netty-transport\4.1.25.Final\netty-transport-4.1.25.Final.jar;D:\develop\maven-repository\io\netty\netty-buffer\4.1.25.Final\netty-buffer-4.1.25.Final.jar;D:\develop\maven-repository\io\netty\netty-resolver\4.1.25.Final\netty-resolver-4.1.25.Final.jar;D:\develop\maven-repository\io\netty\netty-handler\4.1.25.Final\netty-handler-4.1.25.Final.jar;D:\develop\maven-repository\io\netty\netty-codec\4.1.25.Final\netty-codec-4.1.25.Final.jar;D:\develop\maven-repository\org\springframework\boot\spring-boot-starter-web\2.0.3.RELEASE\spring-boot-starter-web-2.0.3.RELEASE.jar;D:\develop\maven-repository\org\springframework\boot\spring-boot-starter-json\2.0.3.RELEASE\spring-boot-starter-json-2.0.3.RELEASE.jar;D:\develop\maven-repository\com\fasterxml\jackson\core\jackson-databind\2.9.6\jackson-databind-2.9.6.jar;D:\develop\maven-repository\com\fasterxml\jackson\core\jackson-annotations\2.9.0\jackson-annotations-2.9.0.jar;D:\develop\maven-repository\com\fasterxml\jackson\core\jackson-core\2.9.6\jackson-core-2.9.6.jar;D:\develop\maven-repository\com\fasterxml\jackson\datatype\jackson-datatype-jdk8\2.9.6\jackson-datatype-jdk8-2.9.6.jar;D:\develop\maven-repository\com\fasterxml\jackson\datatype\jackson-datatype-jsr310\2.9.6\jackson-datatype-jsr310-2.9.6.jar;D:\develop\maven-repository\com\fasterxml\jackson\module\jackson-module-parameter-names\2.9.6\jackson-module-parameter-names-2.9.6.jar;D:\develop\maven-repository\org\springframework\boot\spring-boot-starter-tomcat\2.0.3.RELEASE\spring-boot-starter-tomcat-2.0.3.RELEASE.jar;D:\develop\maven-repository\org\apache\tomcat\embed\tomcat-embed-core\8.5.31\tomcat-embed-core-8.5.31.jar;D:\develop\maven-repository\org\apache\tomcat\embed\tomcat-embed-el\8.5.31\tomcat-embed-el-8.5.31.jar;D:\develop\maven-repository\org\apache\tomcat\embed\tomcat-embed-websocket\8.5.31\tomcat-embed-websocket-8.5.31.jar;D:\develop\maven-repository\org\hibernate\validator\hibernate-validator\6.0.10.Final\hibernate-validator-6.0.10.Final.jar;D:\develop\maven-repository\javax\validation\validation-api\2.0.1.Final\validation-api-2.0.1.Final.jar;D:\develop\maven-repository\org\jboss\logging\jboss-logging\3.3.2.Final\jboss-logging-3.3.2.Final.jar;D:\develop\maven-repository\com\fasterxml\classmate\1.3.4\classmate-1.3.4.jar;D:\develop\maven-repository\org\springframework\spring-web\5.0.7.RELEASE\spring-web-5.0.7.RELEASE.jar;D:\develop\maven-repository\org\springframework\spring-beans\5.0.7.RELEASE\spring-beans-5.0.7.RELEASE.jar;D:\develop\maven-repository\org\springframework\spring-webmvc\5.0.7.RELEASE\spring-webmvc-5.0.7.RELEASE.jar;D:\develop\maven-repository\org\springframework\spring-expression\5.0.7.RELEASE\spring-expression-5.0.7.RELEASE.jar;D:\develop\maven-repository\org\springframework\boot\spring-boot-starter-cache\2.0.3.RELEASE\spring-boot-starter-cache-2.0.3.RELEASE.jar;D:\develop\maven-repository\org\springframework\spring-context\5.0.7.RELEASE\spring-context-5.0.7.RELEASE.jar;D:\develop\maven-repository\org\springframework\spring-context-support\5.0.7.RELEASE\spring-context-support-5.0.7.RELEASE.jar;D:\develop\maven-repository\org\mybatis\spring\boot\mybatis-spring-boot-starter\1.3.2\mybatis-spring-boot-starter-1.3.2.jar;D:\develop\maven-repository\org\springframework\boot\spring-boot-starter-jdbc\2.0.3.RELEASE\spring-boot-starter-jdbc-2.0.3.RELEASE.jar;D:\develop\maven-repository\com\zaxxer\HikariCP\2.7.9\HikariCP-2.7.9.jar;D:\develop\maven-repository\org\springframework\spring-jdbc\5.0.7.RELEASE\spring-jdbc-5.0.7.RELEASE.jar;D:\develop\maven-repository\org\mybatis\spring\boot\mybatis-spring-boot-autoconfigure\1.3.2\mybatis-spring-boot-autoconfigure-1.3.2.jar;D:\develop\maven-repository\org\mybatis\mybatis\3.4.6\mybatis-3.4.6.jar;D:\develop\maven-repository\org\mybatis\mybatis-spring\1.3.2\mybatis-spring-1.3.2.jar;D:\develop\maven-repository\mysql\mysql-connector-java\5.1.46\mysql-connector-java-5.1.46.jar;D:\develop\maven-repository\org\springframework\boot\spring-boot-starter-test\2.0.3.RELEASE\spring-boot-starter-test-2.0.3.RELEASE.jar;D:\develop\maven-repository\org\springframework\boot\spring-boot-test\2.0.3.RELEASE\spring-boot-test-2.0.3.RELEASE.jar;D:\develop\maven-repository\org\springframework\boot\spring-boot-test-autoconfigure\2.0.3.RELEASE\spring-boot-test-autoconfigure-2.0.3.RELEASE.jar;D:\develop\maven-repository\com\jayway\jsonpath\json-path\2.4.0\json-path-2.4.0.jar;D:\develop\maven-repository\net\minidev\json-smart\2.3\json-smart-2.3.jar;D:\develop\maven-repository\net\minidev\accessors-smart\1.2\accessors-smart-1.2.jar;D:\develop\maven-repository\org\ow2\asm\asm\5.0.4\asm-5.0.4.jar;D:\develop\maven-repository\junit\junit\4.12\junit-4.12.jar;D:\develop\maven-repository\org\assertj\assertj-core\3.9.1\assertj-core-3.9.1.jar;D:\develop\maven-repository\org\mockito\mockito-core\2.15.0\mockito-core-2.15.0.jar;D:\develop\maven-repository\net\bytebuddy\byte-buddy\1.7.11\byte-buddy-1.7.11.jar;D:\develop\maven-repository\net\bytebuddy\byte-buddy-agent\1.7.11\byte-buddy-agent-1.7.11.jar;D:\develop\maven-repository\org\objenesis\objenesis\2.6\objenesis-2.6.jar;D:\develop\maven-repository\org\hamcrest\hamcrest-core\1.3\hamcrest-core-1.3.jar;D:\develop\maven-repository\org\hamcrest\hamcrest-library\1.3\hamcrest-library-1.3.jar;D:\develop\maven-repository\org\skyscreamer\jsonassert\1.5.0\jsonassert-1.5.0.jar;D:\develop\maven-repository\com\vaadin\external\google\android-json\0.0.20131108.vaadin1\android-json-0.0.20131108.vaadin1.jar;D:\develop\maven-repository\org\springframework\spring-core\5.0.7.RELEASE\spring-core-5.0.7.RELEASE.jar;D:\develop\maven-repository\org\springframework\spring-jcl\5.0.7.RELEASE\spring-jcl-5.0.7.RELEASE.jar;D:\develop\maven-repository\org\springframework\spring-test\5.0.7.RELEASE\spring-test-5.0.7.RELEASE.jar;D:\develop\maven-repository\org\xmlunit\xmlunit-core\2.5.1\xmlunit-core-2.5.1.jar;D:\develop\maven-repository\com\alibaba\fastjson\1.2.47\fastjson-1.2.47.jar;D:\develop\maven-repository\org\apache\mina\mina-core\2.0.19\mina-core-2.0.19.jar;D:\develop\maven-repository\org\slf4j\slf4j-api\1.7.25\slf4j-api-1.7.25.jar;D:\develop\maven-repository\log4j\log4j\1.2.17\log4j-1.2.17.jar;D:\develop\maven-repository\org\apache\commons\commons-collections4\4.2\commons-collections4-4.2.jar;D:\develop\maven-repository\com\alibaba\druid\1.1.10\druid-1.1.10.jar;D:\develop\maven-repository\org\kie\kie-spring\7.0.0.Final\kie-spring-7.0.0.Final.jar;D:\develop\maven-repository\org\jbpm\jbpm-flow\7.0.0.Final\jbpm-flow-7.0.0.Final.jar;D:\develop\maven-repository\org\kie\kie-dmn-api\7.0.0.Final\kie-dmn-api-7.0.0.Final.jar;D:\develop\maven-repository\org\apache\commons\commons-lang3\3.7\commons-lang3-3.7.jar;D:\develop\maven-repository\org\drools\drools-core\7.0.0.Final\drools-core-7.0.0.Final.jar;D:\develop\maven-repository\commons-codec\commons-codec\1.11\commons-codec-1.11.jar;D:\develop\maven-repository\org\drools\drools-decisiontables\7.0.0.Final\drools-decisiontables-7.0.0.Final.jar;D:\develop\maven-repository\org\drools\drools-templates\7.0.0.Final\drools-templates-7.0.0.Final.jar;D:\develop\maven-repository\org\apache\poi\poi-ooxml\3.15\poi-ooxml-3.15.jar;D:\develop\maven-repository\org\apache\poi\poi-ooxml-schemas\3.15\poi-ooxml-schemas-3.15.jar;D:\develop\maven-repository\org\apache\xmlbeans\xmlbeans\2.6.0\xmlbeans-2.6.0.jar;D:\develop\maven-repository\com\github\virtuald\curvesapi\1.04\curvesapi-1.04.jar;D:\develop\maven-repository\org\apache\poi\poi\3.15\poi-3.15.jar;D:\develop\maven-repository\com\thoughtworks\xstream\xstream\1.4.9\xstream-1.4.9.jar;D:\develop\maven-repository\xmlpull\xmlpull\1.1.3.1\xmlpull-1.1.3.1.jar;D:\develop\maven-repository\xpp3\xpp3_min\1.1.4c\xpp3_min-1.1.4c.jar;D:\develop\maven-repository\org\drools\drools-compiler\7.0.0.Final\drools-compiler-7.0.0.Final.jar;D:\develop\maven-repository\org\antlr\antlr-runtime\3.5\antlr-runtime-3.5.jar;D:\develop\maven-repository\org\eclipse\jdt\core\compiler\ecj\4.4.2\ecj-4.4.2.jar;D:\develop\maven-repository\org\mvel\mvel2\2.3.0.Final\mvel2-2.3.0.Final.jar;D:\develop\maven-repository\com\google\protobuf\protobuf-java\2.6.0\protobuf-java-2.6.0.jar;D:\develop\maven-repository\org\kie\kie-api\7.0.0.Final\kie-api-7.0.0.Final.jar;D:\develop\maven-repository\org\kie\kie-internal\7.0.0.Final\kie-internal-7.0.0.Final.jar;"/>
    <property name="java.vm.vendor" value="Oracle Corporation"/>
    <property name="sun.arch.data.model" value="64"/>
    <property name="user.variant" value=""/>
    <property name="java.vendor.url" value="http://java.oracle.com/"/>
    <property name="user.timezone" value=""/>
    <property name="java.vm.specification.version" value="1.8"/>
    <property name="os.name" value="Windows 7"/>
    <property name="user.country" value="CN"/>
    <property name="sun.java.launcher" value="SUN_STANDARD"/>
    <property name="sun.boot.library.path" value="C:\Program Files\Java\jdk1.8.0_131\jre\bin"/>
    <property name="sun.java.command" value="C:\Users\ADMINI~1\AppData\Local\Temp\surefire6637383528898719110\surefirebooter8903815972817499025.jar C:\Users\Administrator\AppData\Local\Temp\surefire6637383528898719110 2018-09-19T18-28-40_464-jvmRun1 surefire5318345477382492211tmp surefire_04327925756122009949tmp"/>
    <property name="surefire.test.class.path" value="D:\develop\git\mygit\costservice\target\test-classes;D:\develop\git\mygit\costservice\target\classes;D:\develop\maven-repository\org\springframework\boot\spring-boot-starter-data-redis\2.0.3.RELEASE\spring-boot-starter-data-redis-2.0.3.RELEASE.jar;D:\develop\maven-repository\org\springframework\boot\spring-boot-starter\2.0.3.RELEASE\spring-boot-starter-2.0.3.RELEASE.jar;D:\develop\maven-repository\org\springframework\boot\spring-boot\2.0.3.RELEASE\spring-boot-2.0.3.RELEASE.jar;D:\develop\maven-repository\org\springframework\boot\spring-boot-autoconfigure\2.0.3.RELEASE\spring-boot-autoconfigure-2.0.3.RELEASE.jar;D:\develop\maven-repository\org\springframework\boot\spring-boot-starter-logging\2.0.3.RELEASE\spring-boot-starter-logging-2.0.3.RELEASE.jar;D:\develop\maven-repository\ch\qos\logback\logback-classic\1.2.3\logback-classic-1.2.3.jar;D:\develop\maven-repository\ch\qos\logback\logback-core\1.2.3\logback-core-1.2.3.jar;D:\develop\maven-repository\org\apache\logging\log4j\log4j-to-slf4j\2.10.0\log4j-to-slf4j-2.10.0.jar;D:\develop\maven-repository\org\apache\logging\log4j\log4j-api\2.10.0\log4j-api-2.10.0.jar;D:\develop\maven-repository\org\slf4j\jul-to-slf4j\1.7.25\jul-to-slf4j-1.7.25.jar;D:\develop\maven-repository\javax\annotation\javax.annotation-api\1.3.2\javax.annotation-api-1.3.2.jar;D:\develop\maven-repository\org\yaml\snakeyaml\1.19\snakeyaml-1.19.jar;D:\develop\maven-repository\org\springframework\data\spring-data-redis\2.0.8.RELEASE\spring-data-redis-2.0.8.RELEASE.jar;D:\develop\maven-repository\org\springframework\data\spring-data-keyvalue\2.0.8.RELEASE\spring-data-keyvalue-2.0.8.RELEASE.jar;D:\develop\maven-repository\org\springframework\data\spring-data-commons\2.0.8.RELEASE\spring-data-commons-2.0.8.RELEASE.jar;D:\develop\maven-repository\org\springframework\spring-tx\5.0.7.RELEASE\spring-tx-5.0.7.RELEASE.jar;D:\develop\maven-repository\org\springframework\spring-oxm\5.0.7.RELEASE\spring-oxm-5.0.7.RELEASE.jar;D:\develop\maven-repository\org\springframework\spring-aop\5.0.7.RELEASE\spring-aop-5.0.7.RELEASE.jar;D:\develop\maven-repository\io\lettuce\lettuce-core\5.0.4.RELEASE\lettuce-core-5.0.4.RELEASE.jar;D:\develop\maven-repository\io\projectreactor\reactor-core\3.1.8.RELEASE\reactor-core-3.1.8.RELEASE.jar;D:\develop\maven-repository\org\reactivestreams\reactive-streams\1.0.2\reactive-streams-1.0.2.jar;D:\develop\maven-repository\io\netty\netty-common\4.1.25.Final\netty-common-4.1.25.Final.jar;D:\develop\maven-repository\io\netty\netty-transport\4.1.25.Final\netty-transport-4.1.25.Final.jar;D:\develop\maven-repository\io\netty\netty-buffer\4.1.25.Final\netty-buffer-4.1.25.Final.jar;D:\develop\maven-repository\io\netty\netty-resolver\4.1.25.Final\netty-resolver-4.1.25.Final.jar;D:\develop\maven-repository\io\netty\netty-handler\4.1.25.Final\netty-handler-4.1.25.Final.jar;D:\develop\maven-repository\io\netty\netty-codec\4.1.25.Final\netty-codec-4.1.25.Final.jar;D:\develop\maven-repository\org\springframework\boot\spring-boot-starter-web\2.0.3.RELEASE\spring-boot-starter-web-2.0.3.RELEASE.jar;D:\develop\maven-repository\org\springframework\boot\spring-boot-starter-json\2.0.3.RELEASE\spring-boot-starter-json-2.0.3.RELEASE.jar;D:\develop\maven-repository\com\fasterxml\jackson\core\jackson-databind\2.9.6\jackson-databind-2.9.6.jar;D:\develop\maven-repository\com\fasterxml\jackson\core\jackson-annotations\2.9.0\jackson-annotations-2.9.0.jar;D:\develop\maven-repository\com\fasterxml\jackson\core\jackson-core\2.9.6\jackson-core-2.9.6.jar;D:\develop\maven-repository\com\fasterxml\jackson\datatype\jackson-datatype-jdk8\2.9.6\jackson-datatype-jdk8-2.9.6.jar;D:\develop\maven-repository\com\fasterxml\jackson\datatype\jackson-datatype-jsr310\2.9.6\jackson-datatype-jsr310-2.9.6.jar;D:\develop\maven-repository\com\fasterxml\jackson\module\jackson-module-parameter-names\2.9.6\jackson-module-parameter-names-2.9.6.jar;D:\develop\maven-repository\org\springframework\boot\spring-boot-starter-tomcat\2.0.3.RELEASE\spring-boot-starter-tomcat-2.0.3.RELEASE.jar;D:\develop\maven-repository\org\apache\tomcat\embed\tomcat-embed-core\8.5.31\tomcat-embed-core-8.5.31.jar;D:\develop\maven-repository\org\apache\tomcat\embed\tomcat-embed-el\8.5.31\tomcat-embed-el-8.5.31.jar;D:\develop\maven-repository\org\apache\tomcat\embed\tomcat-embed-websocket\8.5.31\tomcat-embed-websocket-8.5.31.jar;D:\develop\maven-repository\org\hibernate\validator\hibernate-validator\6.0.10.Final\hibernate-validator-6.0.10.Final.jar;D:\develop\maven-repository\javax\validation\validation-api\2.0.1.Final\validation-api-2.0.1.Final.jar;D:\develop\maven-repository\org\jboss\logging\jboss-logging\3.3.2.Final\jboss-logging-3.3.2.Final.jar;D:\develop\maven-repository\com\fasterxml\classmate\1.3.4\classmate-1.3.4.jar;D:\develop\maven-repository\org\springframework\spring-web\5.0.7.RELEASE\spring-web-5.0.7.RELEASE.jar;D:\develop\maven-repository\org\springframework\spring-beans\5.0.7.RELEASE\spring-beans-5.0.7.RELEASE.jar;D:\develop\maven-repository\org\springframework\spring-webmvc\5.0.7.RELEASE\spring-webmvc-5.0.7.RELEASE.jar;D:\develop\maven-repository\org\springframework\spring-expression\5.0.7.RELEASE\spring-expression-5.0.7.RELEASE.jar;D:\develop\maven-repository\org\springframework\boot\spring-boot-starter-cache\2.0.3.RELEASE\spring-boot-starter-cache-2.0.3.RELEASE.jar;D:\develop\maven-repository\org\springframework\spring-context\5.0.7.RELEASE\spring-context-5.0.7.RELEASE.jar;D:\develop\maven-repository\org\springframework\spring-context-support\5.0.7.RELEASE\spring-context-support-5.0.7.RELEASE.jar;D:\develop\maven-repository\org\mybatis\spring\boot\mybatis-spring-boot-starter\1.3.2\mybatis-spring-boot-starter-1.3.2.jar;D:\develop\maven-repository\org\springframework\boot\spring-boot-starter-jdbc\2.0.3.RELEASE\spring-boot-starter-jdbc-2.0.3.RELEASE.jar;D:\develop\maven-repository\com\zaxxer\HikariCP\2.7.9\HikariCP-2.7.9.jar;D:\develop\maven-repository\org\springframework\spring-jdbc\5.0.7.RELEASE\spring-jdbc-5.0.7.RELEASE.jar;D:\develop\maven-repository\org\mybatis\spring\boot\mybatis-spring-boot-autoconfigure\1.3.2\mybatis-spring-boot-autoconfigure-1.3.2.jar;D:\develop\maven-repository\org\mybatis\mybatis\3.4.6\mybatis-3.4.6.jar;D:\develop\maven-repository\org\mybatis\mybatis-spring\1.3.2\mybatis-spring-1.3.2.jar;D:\develop\maven-repository\mysql\mysql-connector-java\5.1.46\mysql-connector-java-5.1.46.jar;D:\develop\maven-repository\org\springframework\boot\spring-boot-starter-test\2.0.3.RELEASE\spring-boot-starter-test-2.0.3.RELEASE.jar;D:\develop\maven-repository\org\springframework\boot\spring-boot-test\2.0.3.RELEASE\spring-boot-test-2.0.3.RELEASE.jar;D:\develop\maven-repository\org\springframework\boot\spring-boot-test-autoconfigure\2.0.3.RELEASE\spring-boot-test-autoconfigure-2.0.3.RELEASE.jar;D:\develop\maven-repository\com\jayway\jsonpath\json-path\2.4.0\json-path-2.4.0.jar;D:\develop\maven-repository\net\minidev\json-smart\2.3\json-smart-2.3.jar;D:\develop\maven-repository\net\minidev\accessors-smart\1.2\accessors-smart-1.2.jar;D:\develop\maven-repository\org\ow2\asm\asm\5.0.4\asm-5.0.4.jar;D:\develop\maven-repository\junit\junit\4.12\junit-4.12.jar;D:\develop\maven-repository\org\assertj\assertj-core\3.9.1\assertj-core-3.9.1.jar;D:\develop\maven-repository\org\mockito\mockito-core\2.15.0\mockito-core-2.15.0.jar;D:\develop\maven-repository\net\bytebuddy\byte-buddy\1.7.11\byte-buddy-1.7.11.jar;D:\develop\maven-repository\net\bytebuddy\byte-buddy-agent\1.7.11\byte-buddy-agent-1.7.11.jar;D:\develop\maven-repository\org\objenesis\objenesis\2.6\objenesis-2.6.jar;D:\develop\maven-repository\org\hamcrest\hamcrest-core\1.3\hamcrest-core-1.3.jar;D:\develop\maven-repository\org\hamcrest\hamcrest-library\1.3\hamcrest-library-1.3.jar;D:\develop\maven-repository\org\skyscreamer\jsonassert\1.5.0\jsonassert-1.5.0.jar;D:\develop\maven-repository\com\vaadin\external\google\android-json\0.0.20131108.vaadin1\android-json-0.0.20131108.vaadin1.jar;D:\develop\maven-repository\org\springframework\spring-core\5.0.7.RELEASE\spring-core-5.0.7.RELEASE.jar;D:\develop\maven-repository\org\springframework\spring-jcl\5.0.7.RELEASE\spring-jcl-5.0.7.RELEASE.jar;D:\develop\maven-repository\org\springframework\spring-test\5.0.7.RELEASE\spring-test-5.0.7.RELEASE.jar;D:\develop\maven-repository\org\xmlunit\xmlunit-core\2.5.1\xmlunit-core-2.5.1.jar;D:\develop\maven-repository\com\alibaba\fastjson\1.2.47\fastjson-1.2.47.jar;D:\develop\maven-repository\org\apache\mina\mina-core\2.0.19\mina-core-2.0.19.jar;D:\develop\maven-repository\org\slf4j\slf4j-api\1.7.25\slf4j-api-1.7.25.jar;D:\develop\maven-repository\log4j\log4j\1.2.17\log4j-1.2.17.jar;D:\develop\maven-repository\org\apache\commons\commons-collections4\4.2\commons-collections4-4.2.jar;D:\develop\maven-repository\com\alibaba\druid\1.1.10\druid-1.1.10.jar;D:\develop\maven-repository\org\kie\kie-spring\7.0.0.Final\kie-spring-7.0.0.Final.jar;D:\develop\maven-repository\org\jbpm\jbpm-flow\7.0.0.Final\jbpm-flow-7.0.0.Final.jar;D:\develop\maven-repository\org\kie\kie-dmn-api\7.0.0.Final\kie-dmn-api-7.0.0.Final.jar;D:\develop\maven-repository\org\apache\commons\commons-lang3\3.7\commons-lang3-3.7.jar;D:\develop\maven-repository\org\drools\drools-core\7.0.0.Final\drools-core-7.0.0.Final.jar;D:\develop\maven-repository\commons-codec\commons-codec\1.11\commons-codec-1.11.jar;D:\develop\maven-repository\org\drools\drools-decisiontables\7.0.0.Final\drools-decisiontables-7.0.0.Final.jar;D:\develop\maven-repository\org\drools\drools-templates\7.0.0.Final\drools-templates-7.0.0.Final.jar;D:\develop\maven-repository\org\apache\poi\poi-ooxml\3.15\poi-ooxml-3.15.jar;D:\develop\maven-repository\org\apache\poi\poi-ooxml-schemas\3.15\poi-ooxml-schemas-3.15.jar;D:\develop\maven-repository\org\apache\xmlbeans\xmlbeans\2.6.0\xmlbeans-2.6.0.jar;D:\develop\maven-repository\com\github\virtuald\curvesapi\1.04\curvesapi-1.04.jar;D:\develop\maven-repository\org\apache\poi\poi\3.15\poi-3.15.jar;D:\develop\maven-repository\com\thoughtworks\xstream\xstream\1.4.9\xstream-1.4.9.jar;D:\develop\maven-repository\xmlpull\xmlpull\1.1.3.1\xmlpull-1.1.3.1.jar;D:\develop\maven-repository\xpp3\xpp3_min\1.1.4c\xpp3_min-1.1.4c.jar;D:\develop\maven-repository\org\drools\drools-compiler\7.0.0.Final\drools-compiler-7.0.0.Final.jar;D:\develop\maven-repository\org\antlr\antlr-runtime\3.5\antlr-runtime-3.5.jar;D:\develop\maven-repository\org\eclipse\jdt\core\compiler\ecj\4.4.2\ecj-4.4.2.jar;D:\develop\maven-repository\org\mvel\mvel2\2.3.0.Final\mvel2-2.3.0.Final.jar;D:\develop\maven-repository\com\google\protobuf\protobuf-java\2.6.0\protobuf-java-2.6.0.jar;D:\develop\maven-repository\org\kie\kie-api\7.0.0.Final\kie-api-7.0.0.Final.jar;D:\develop\maven-repository\org\kie\kie-internal\7.0.0.Final\kie-internal-7.0.0.Final.jar;"/>
    <property name="sun.cpu.endian" value="little"/>
    <property name="user.home" value="C:\Users\Administrator"/>
    <property name="user.language" value="zh"/>
    <property name="java.specification.vendor" value="Oracle Corporation"/>
    <property name="java.home" value="C:\Program Files\Java\jdk1.8.0_131\jre"/>
    <property name="basedir" value="D:\develop\git\mygit\costservice"/>
    <property name="file.separator" value="\"/>
    <property name="line.separator" value="&#10;"/>
    <property name="java.vm.specification.vendor" value="Oracle Corporation"/>
    <property name="java.specification.name" value="Java Platform API Specification"/>
    <property name="java.awt.graphicsenv" value="sun.awt.Win32GraphicsEnvironment"/>
    <property name="surefire.real.class.path" value="C:\Users\ADMINI~1\AppData\Local\Temp\surefire6637383528898719110\surefirebooter8903815972817499025.jar"/>
    <property name="sun.boot.class.path" value="C:\Program Files\Java\jdk1.8.0_131\jre\lib\resources.jar;C:\Program Files\Java\jdk1.8.0_131\jre\lib\rt.jar;C:\Program Files\Java\jdk1.8.0_131\jre\lib\sunrsasign.jar;C:\Program Files\Java\jdk1.8.0_131\jre\lib\jsse.jar;C:\Program Files\Java\jdk1.8.0_131\jre\lib\jce.jar;C:\Program Files\Java\jdk1.8.0_131\jre\lib\charsets.jar;C:\Program Files\Java\jdk1.8.0_131\jre\lib\jfr.jar;C:\Program Files\Java\jdk1.8.0_131\jre\classes"/>
    <property name="user.script" value=""/>
    <property name="sun.management.compiler" value="HotSpot 64-Bit Tiered Compilers"/>
    <property name="java.runtime.version" value="1.8.0_131-b11"/>
    <property name="user.name" value="Administrator"/>
    <property name="path.separator" value=";"/>
    <property name="os.version" value="6.1"/>
    <property name="java.endorsed.dirs" value="C:\Program Files\Java\jdk1.8.0_131\jre\lib\endorsed"/>
    <property name="java.runtime.name" value="Java(TM) SE Runtime Environment"/>
    <property name="file.encoding" value="GBK"/>
    <property name="java.vm.name" value="Java HotSpot(TM) 64-Bit Server VM"/>
    <property name="localRepository" value="D:\develop\maven-repository"/>
    <property name="java.vendor.url.bug" value="http://bugreport.sun.com/bugreport/"/>
    <property name="java.io.tmpdir" value="C:\Users\ADMINI~1\AppData\Local\Temp\"/>
    <property name="java.version" value="1.8.0_131"/>
    <property name="user.dir" value="D:\develop\git\mygit\costservice"/>
    <property name="os.arch" value="amd64"/>
    <property name="java.vm.specification.name" value="Java Virtual Machine Specification"/>
    <property name="java.awt.printerjob" value="sun.awt.windows.WPrinterJob"/>
    <property name="sun.os.patch.level" value="Service Pack 1"/>
    <property name="java.library.path" value="C:\Program Files\Java\jdk1.8.0_131\jre\bin;C:\Windows\Sun\Java\bin;C:\Windows\system32;C:\Windows;C:/Program Files/Java/jre1.8.0_181/bin/server;C:/Program Files/Java/jre1.8.0_181/bin;C:/Program Files/Java/jre1.8.0_181/lib/amd64;C:\Program Files (x86)\Common Files\Oracle\Java\javapath;C:\ProgramData\Oracle\Java\javapath;C:\Windows\system32;C:\Windows;C:\Windows\System32\Wbem;C:\Windows\System32\WindowsPowerShell\v1.0\;C:\Program Files\Java\jdk1.8.0_131\bin;C:\Program Files\Java\jdk1.8.0_131\jre\bin;D:\develop\apache-maven-3.5.4\bin;D:\mysql-5.6.37-winx64\bin;C:\Program Files\MySQL\MySQL Utilities 1.6\;D:\Redis\Redis-x64-3.2.100;D:\develop\zookeeper-3.4.13\bin;C:\Python36;D:\MongoDB\bin;C:\Program Files\Git\cmd;D:\spring-1.3.0.BUILD-SNAPSHOT\bin;D:\develop\zookeeper-3.4.13\bin;C:\OpenSSL-Win64\bin;D:\develop\gradle-4.10\bin;C:\Python36\Scripts\;C:\Python36\;D:\Develop\nodejs\node_global;D:\develop\protobuf\protoc-3.6.1-win32\bin;;D:\develop\sts-bundle\sts-3.9.5.RELEASE;;."/>
    <property name="java.vm.info" value="mixed mode"/>
    <property name="java.vendor" value="Oracle Corporation"/>
    <property name="java.vm.version" value="25.131-b11"/>
    <property name="java.ext.dirs" value="C:\Program Files\Java\jdk1.8.0_131\jre\lib\ext;C:\Windows\Sun\Java\lib\ext"/>
    <property name="sun.io.unicode.encoding" value="UnicodeLittle"/>
    <property name="java.class.version" value="52.0"/>
  </properties>
  <testcase name="StrategyTest" classname="com.pile.test.JUtilTest" time="2.886"/>
</testsuite>